<?xml version="1.0" encoding="UTF-8"?>
<testng-results ignored="0" total="1" passed="1" failed="0" skipped="0">
  <reporter-output>
  </reporter-output>
  <suite started-at="2024-06-17T13:02:07Z" name="VnetbankingV1" finished-at="2024-06-17T13:03:04Z" duration-ms="56632">
    <groups>
    </groups>
    <test started-at="2024-06-17T13:02:07Z" name="BankingTest" finished-at="2024-06-17T13:03:04Z" duration-ms="56632">
      <class name="com.vnetbanking.testcases.TC_logintest_001">
        <test-method is-config="true" signature="setup(java.lang.String)[pri:0, instance:com.vnetbanking.testcases.TC_logintest_001@6f19ac19]" started-at="2024-06-17T13:02:07Z" name="setup" finished-at="2024-06-17T13:02:45Z" duration-ms="37773" status="PASS">
          <params>
            <param index="0">
              <value>
                <![CDATA[chrome]]>
              </value>
            </param>
          </params>
          <reporter-output>
          </reporter-output>
        </test-method> <!-- setup -->
        <test-method signature="logintest()[pri:0, instance:com.vnetbanking.testcases.TC_logintest_001@6f19ac19]" started-at="2024-06-17T13:02:45Z" name="logintest" finished-at="2024-06-17T13:02:56Z" duration-ms="10895" status="PASS">
          <reporter-output>
          </reporter-output>
        </test-method> <!-- logintest -->
        <test-method is-config="true" signature="TearDown()[pri:0, instance:com.vnetbanking.testcases.TC_logintest_001@6f19ac19]" started-at="2024-06-17T13:02:56Z" name="TearDown" finished-at="2024-06-17T13:03:04Z" duration-ms="7895" status="PASS">
          <reporter-output>
          </reporter-output>
        </test-method> <!-- TearDown -->
      </class> <!-- com.vnetbanking.testcases.TC_logintest_001 -->
    </test> <!-- BankingTest -->
  </suite> <!-- VnetbankingV1 -->
</testng-results>
